#
# There is insufficient memory for the Java Runtime Environment to continue.
# Native memory allocation (malloc) failed to allocate 1045216 bytes for Chunk::new
# Possible reasons:
#   The system is out of physical RAM or swap space
#   In 32 bit mode, the process size limit was hit
# Possible solutions:
#   Reduce memory load on the system
#   Increase physical memory or swap space
#   Check if swap backing store is full
#   Use 64 bit Java on a 64 bit OS
#   Decrease Java heap size (-Xmx/-Xms)
#   Decrease number of Java threads
#   Decrease Java thread stack sizes (-Xss)
#   Set larger code cache with -XX:ReservedCodeCacheSize=
# This output file may be truncated or incomplete.
#
#  Out of Memory Error (allocation.cpp:390), pid=23068, tid=15432
#
# JRE version: Java(TM) SE Runtime Environment (8.0_74-b02) (build 1.8.0_74-b02)
# Java VM: Java HotSpot(TM) 64-Bit Server VM (25.74-b02 mixed mode windows-amd64 compressed oops)
# Failed to write core dump. Minidumps are not enabled by default on client versions of Windows
#

---------------  T H R E A D  ---------------

Current thread (0x0000000014994800):  JavaThread "C2 CompilerThread0" daemon [_thread_in_native, id=15432, stack(0x0000000015b30000,0x0000000015c30000)]

Stack: [0x0000000015b30000,0x0000000015c30000]
[error occurred during error reporting (printing stack bounds), id 0xc0000005]

Native frames: (J=compiled Java code, j=interpreted, Vv=VM code, C=native code)


Current CompileTask:
C2:   7902 1788       4       org.codehaus.groovy.reflection.CachedMethod::compareTo (25 bytes)


---------------  P R O C E S S  ---------------

Java Threads: ( => current thread )
  0x0000000017599800 JavaThread "File lock request listener" [_thread_in_native, id=16640, stack(0x0000000018850000,0x0000000018950000)]
  0x000000001730e800 JavaThread "Stdin handler" [_thread_blocked, id=19636, stack(0x0000000018bb0000,0x0000000018cb0000)]
  0x0000000017b80800 JavaThread "Daemon worker" [_thread_in_native, id=20336, stack(0x0000000018980000,0x0000000018a80000)]
  0x00000000172a5000 JavaThread "Cancel handler" [_thread_blocked, id=23452, stack(0x0000000018700000,0x0000000018800000)]
  0x00000000172f5000 JavaThread "Handler for socket connection from /127.0.0.1:55590 to /127.0.0.1:55592" [_thread_in_native, id=23440, stack(0x0000000016ec0000,0x0000000016fc0000)]
  0x000000001726c000 JavaThread "Daemon" [_thread_blocked, id=17636, stack(0x0000000018550000,0x0000000018650000)]
  0x0000000017239000 JavaThread "Incoming local TCP Connector on port 55590" [_thread_in_native, id=21532, stack(0x00000000181e0000,0x00000000182e0000)]
  0x0000000015d70800 JavaThread "Service Thread" daemon [_thread_blocked, id=23468, stack(0x0000000016270000,0x0000000016370000)]
  0x000000001499d000 JavaThread "C1 CompilerThread1" daemon [_thread_blocked, id=23040, stack(0x0000000015c70000,0x0000000015d70000)]
=>0x0000000014994800 JavaThread "C2 CompilerThread0" daemon [_thread_in_native, id=15432, stack(0x0000000015b30000,0x0000000015c30000)]
  0x0000000014992800 JavaThread "Attach Listener" daemon [_thread_blocked, id=22476, stack(0x0000000015640000,0x0000000015740000)]
  0x0000000014991800 JavaThread "Signal Dispatcher" daemon [_thread_blocked, id=23456, stack(0x00000000159f0000,0x0000000015af0000)]
  0x000000001497f800 JavaThread "Finalizer" daemon [_thread_blocked, id=23140, stack(0x0000000015810000,0x0000000015910000)]
  0x0000000014936000 JavaThread "Reference Handler" daemon [_thread_blocked, id=22536, stack(0x0000000015420000,0x0000000015520000)]
  0x0000000001da0000 JavaThread "main" [_thread_blocked, id=19452, stack(0x0000000001f40000,0x0000000002040000)]

Other Threads:
  0x000000001492e000 VMThread [stack: 0x0000000015530000,0x0000000015630000] [id=20604]
  0x00000000149fa000 WatcherThread [stack: 0x0000000016540000,0x0000000016640000] [id=20672]

VM state:not at safepoint (normal execution)

VM Mutex/Monitor currently owned by a thread: None

Heap:
 PSYoungGen      total 39936K, used 20794K [0x00000000eab00000, 0x00000000ef900000, 0x0000000100000000)
  eden space 32768K, 63% used [0x00000000eab00000,0x00000000ebf4eb10,0x00000000ecb00000)
  from space 7168K, 0% used [0x00000000ecb00000,0x00000000ecb00000,0x00000000ed200000)
  to   space 7168K, 0% used [0x00000000ef200000,0x00000000ef200000,0x00000000ef900000)
 ParOldGen       total 32768K, used 10250K [0x00000000c0000000, 0x00000000c2000000, 0x00000000eab00000)
  object space 32768K, 31% used [0x00000000c0000000,0x00000000c0a029c8,0x00000000c2000000)
 Metaspace       used 22086K, capacity 22586K, committed 22656K, reserved 1069056K
  class space    used 3027K, capacity 3179K, committed 3200K, reserved 1048576K

Card table byte_map: [0x00000000117c0000,0x00000000119d0000] byte_map_base: 0x00000000111c0000

Marking Bits: (ParMarkBitMap*) 0x0000000064440600
 Begin Bits: [0x0000000011e00000, 0x0000000012e00000)
 End Bits:   [0x0000000012e00000, 0x0000000013e00000)

Polling page: 0x0000000000310000

CodeCache: size=245760Kb used=7274Kb max_used=7274Kb free=238485Kb
 bounds [0x0000000002400000, 0x0000000002b20000, 0x0000000011400000]
 total_blobs=2505 nmethods=1883 adapters=536
 compilation: enabled

Compilation events (10 events):
Event: 7.804 Thread 0x000000001499d000 1884       3       java.util.ArrayList::addAll (54 bytes)
Event: 7.804 Thread 0x000000001499d000 nmethod 1884 0x0000000002b1b710 code [0x0000000002b1b8c0, 0x0000000002b1bf28]
Event: 7.805 Thread 0x000000001499d000 1885       1       java.beans.WeakIdentityMap$Entry::access$100 (5 bytes)
Event: 7.805 Thread 0x000000001499d000 nmethod 1885 0x0000000002b1c190 code [0x0000000002b1c2e0, 0x0000000002b1c3d0]
Event: 7.806 Thread 0x000000001499d000 1886       3       java.beans.Introspector::makeQualifiedMethodName (50 bytes)
Event: 7.807 Thread 0x000000001499d000 nmethod 1886 0x0000000002b1c450 code [0x0000000002b1c6a0, 0x0000000002b1dac8]
Event: 7.807 Thread 0x000000001499d000 1887       3       groovyjarjarasm.asm.ByteVector::b (64 bytes)
Event: 7.807 Thread 0x000000001499d000 nmethod 1887 0x0000000002b1e5d0 code [0x0000000002b1e740, 0x0000000002b1e9c8]
Event: 7.808 Thread 0x000000001499d000 1888       3       java.lang.Enum::hashCode (5 bytes)
Event: 7.809 Thread 0x000000001499d000 nmethod 1888 0x0000000002b1eb50 code [0x0000000002b1ecc0, 0x0000000002b1ee48]

GC Heap History (10 events):
Event: 3.766 GC heap before
{Heap before GC invocations=4 (full 0):
 PSYoungGen      total 18944K, used 18944K [0x00000000eab00000, 0x00000000ec000000, 0x0000000100000000)
  eden space 16384K, 100% used [0x00000000eab00000,0x00000000ebb00000,0x00000000ebb00000)
  from space 2560K, 100% used [0x00000000ebb00000,0x00000000ebd80000,0x00000000ebd80000)
  to   space 2560K, 0% used [0x00000000ebd80000,0x00000000ebd80000,0x00000000ec000000)
 ParOldGen       total 44032K, used 2073K [0x00000000c0000000, 0x00000000c2b00000, 0x00000000eab00000)
  object space 44032K, 4% used [0x00000000c0000000,0x00000000c0206400,0x00000000c2b00000)
 Metaspace       used 12800K, capacity 13124K, committed 13184K, reserved 1060864K
  class space    used 1746K, capacity 1880K, committed 1920K, reserved 1048576K
Event: 3.867 GC heap after
Heap after GC invocations=4 (full 0):
 PSYoungGen      total 18944K, used 2544K [0x00000000eab00000, 0x00000000ed000000, 0x0000000100000000)
  eden space 16384K, 0% used [0x00000000eab00000,0x00000000eab00000,0x00000000ebb00000)
  from space 2560K, 99% used [0x00000000ebd80000,0x00000000ebffc010,0x00000000ec000000)
  to   space 2560K, 0% used [0x00000000ebb00000,0x00000000ebb00000,0x00000000ebd80000)
 ParOldGen       total 44032K, used 4717K [0x00000000c0000000, 0x00000000c2b00000, 0x00000000eab00000)
  object space 44032K, 10% used [0x00000000c0000000,0x00000000c049b730,0x00000000c2b00000)
 Metaspace       used 12800K, capacity 13124K, committed 13184K, reserved 1060864K
  class space    used 1746K, capacity 1880K, committed 1920K, reserved 1048576K
}
Event: 4.390 GC heap before
{Heap before GC invocations=5 (full 0):
 PSYoungGen      total 18944K, used 18928K [0x00000000eab00000, 0x00000000ed000000, 0x0000000100000000)
  eden space 16384K, 100% used [0x00000000eab00000,0x00000000ebb00000,0x00000000ebb00000)
  from space 2560K, 99% used [0x00000000ebd80000,0x00000000ebffc010,0x00000000ec000000)
  to   space 2560K, 0% used [0x00000000ebb00000,0x00000000ebb00000,0x00000000ebd80000)
 ParOldGen       total 44032K, used 4717K [0x00000000c0000000, 0x00000000c2b00000, 0x00000000eab00000)
  object space 44032K, 10% used [0x00000000c0000000,0x00000000c049b730,0x00000000c2b00000)
 Metaspace       used 16618K, capacity 16996K, committed 17280K, reserved 1064960K
  class space    used 2239K, capacity 2360K, committed 2432K, reserved 1048576K
Event: 4.445 GC heap after
Heap after GC invocations=5 (full 0):
 PSYoungGen      total 18944K, used 2544K [0x00000000eab00000, 0x00000000ed900000, 0x0000000100000000)
  eden space 16384K, 0% used [0x00000000eab00000,0x00000000eab00000,0x00000000ebb00000)
  from space 2560K, 99% used [0x00000000ebb00000,0x00000000ebd7c030,0x00000000ebd80000)
  to   space 7168K, 0% used [0x00000000ed200000,0x00000000ed200000,0x00000000ed900000)
 ParOldGen       total 44032K, used 7757K [0x00000000c0000000, 0x00000000c2b00000, 0x00000000eab00000)
  object space 44032K, 17% used [0x00000000c0000000,0x00000000c0793510,0x00000000c2b00000)
 Metaspace       used 16618K, capacity 16996K, committed 17280K, reserved 1064960K
  class space    used 2239K, capacity 2360K, committed 2432K, reserved 1048576K
}
Event: 5.556 GC heap before
{Heap before GC invocations=6 (full 0):
 PSYoungGen      total 18944K, used 18928K [0x00000000eab00000, 0x00000000ed900000, 0x0000000100000000)
  eden space 16384K, 100% used [0x00000000eab00000,0x00000000ebb00000,0x00000000ebb00000)
  from space 2560K, 99% used [0x00000000ebb00000,0x00000000ebd7c030,0x00000000ebd80000)
  to   space 7168K, 0% used [0x00000000ed200000,0x00000000ed200000,0x00000000ed900000)
 ParOldGen       total 44032K, used 7757K [0x00000000c0000000, 0x00000000c2b00000, 0x00000000eab00000)
  object space 44032K, 17% used [0x00000000c0000000,0x00000000c0793510,0x00000000c2b00000)
 Metaspace       used 19001K, capacity 19484K, committed 19584K, reserved 1067008K
  class space    used 2512K, capacity 2667K, committed 2688K, reserved 1048576K
Event: 5.726 GC heap after
Heap after GC invocations=6 (full 0):
 PSYoungGen      total 39936K, used 4638K [0x00000000eab00000, 0x00000000ed900000, 0x0000000100000000)
  eden space 32768K, 0% used [0x00000000eab00000,0x00000000eab00000,0x00000000ecb00000)
  from space 7168K, 64% used [0x00000000ed200000,0x00000000ed687800,0x00000000ed900000)
  to   space 7168K, 0% used [0x00000000ecb00000,0x00000000ecb00000,0x00000000ed200000)
 ParOldGen       total 44032K, used 7757K [0x00000000c0000000, 0x00000000c2b00000, 0x00000000eab00000)
  object space 44032K, 17% used [0x00000000c0000000,0x00000000c0793510,0x00000000c2b00000)
 Metaspace       used 19001K, capacity 19484K, committed 19584K, reserved 1067008K
  class space    used 2512K, capacity 2667K, committed 2688K, reserved 1048576K
}
Event: 7.021 GC heap before
{Heap before GC invocations=7 (full 0):
 PSYoungGen      total 39936K, used 24038K [0x00000000eab00000, 0x00000000ed900000, 0x0000000100000000)
  eden space 32768K, 59% used [0x00000000eab00000,0x00000000ebdf22a0,0x00000000ecb00000)
  from space 7168K, 64% used [0x00000000ed200000,0x00000000ed687800,0x00000000ed900000)
  to   space 7168K, 0% used [0x00000000ecb00000,0x00000000ecb00000,0x00000000ed200000)
 ParOldGen       total 44032K, used 7757K [0x00000000c0000000, 0x00000000c2b00000, 0x00000000eab00000)
  object space 44032K, 17% used [0x00000000c0000000,0x00000000c0793510,0x00000000c2b00000)
 Metaspace       used 20725K, capacity 21204K, committed 21296K, reserved 1067008K
  class space    used 2773K, capacity 2914K, committed 2944K, reserved 1048576K
Event: 7.213 GC heap after
Heap after GC invocations=7 (full 0):
 PSYoungGen      total 39936K, used 5360K [0x00000000eab00000, 0x00000000ef900000, 0x0000000100000000)
  eden space 32768K, 0% used [0x00000000eab00000,0x00000000eab00000,0x00000000ecb00000)
  from space 7168K, 74% used [0x00000000ecb00000,0x00000000ed03c1e0,0x00000000ed200000)
  to   space 7168K, 0% used [0x00000000ef200000,0x00000000ef200000,0x00000000ef900000)
 ParOldGen       total 44032K, used 8589K [0x00000000c0000000, 0x00000000c2b00000, 0x00000000eab00000)
  object space 44032K, 19% used [0x00000000c0000000,0x00000000c0863550,0x00000000c2b00000)
 Metaspace       used 20725K, capacity 21204K, committed 21296K, reserved 1067008K
  class space    used 2773K, capacity 2914K, committed 2944K, reserved 1048576K
}
Event: 7.213 GC heap before
{Heap before GC invocations=8 (full 1):
 PSYoungGen      total 39936K, used 5360K [0x00000000eab00000, 0x00000000ef900000, 0x0000000100000000)
  eden space 32768K, 0% used [0x00000000eab00000,0x00000000eab00000,0x00000000ecb00000)
  from space 7168K, 74% used [0x00000000ecb00000,0x00000000ed03c1e0,0x00000000ed200000)
  to   space 7168K, 0% used [0x00000000ef200000,0x00000000ef200000,0x00000000ef900000)
 ParOldGen       total 44032K, used 8589K [0x00000000c0000000, 0x00000000c2b00000, 0x00000000eab00000)
  object space 44032K, 19% used [0x00000000c0000000,0x00000000c0863550,0x00000000c2b00000)
 Metaspace       used 20725K, capacity 21204K, committed 21296K, reserved 1067008K
  class space    used 2773K, capacity 2914K, committed 2944K, reserved 1048576K
Event: 7.319 GC heap after
Heap after GC invocations=8 (full 1):
 PSYoungGen      total 39936K, used 0K [0x00000000eab00000, 0x00000000ef900000, 0x0000000100000000)
  eden space 32768K, 0% used [0x00000000eab00000,0x00000000eab00000,0x00000000ecb00000)
  from space 7168K, 0% used [0x00000000ecb00000,0x00000000ecb00000,0x00000000ed200000)
  to   space 7168K, 0% used [0x00000000ef200000,0x00000000ef200000,0x00000000ef900000)
 ParOldGen       total 32768K, used 10250K [0x00000000c0000000, 0x00000000c2000000, 0x00000000eab00000)
  object space 32768K, 31% used [0x00000000c0000000,0x00000000c0a029c8,0x00000000c2000000)
 Metaspace       used 20725K, capacity 21204K, committed 21296K, reserved 1067008K
  class space    used 2773K, capacity 2914K, committed 2944K, reserved 1048576K
}

Deoptimization events (10 events):
Event: 5.903 Thread 0x0000000017b80800 Uncommon trap: reason=unstable_if action=reinterpret pc=0x0000000002a1a460 method=java.lang.Class$MethodArray.addIfNotPresent(Ljava/lang/reflect/Method;)V @ 19
Event: 5.930 Thread 0x0000000017b80800 Uncommon trap: reason=unstable_if action=reinterpret pc=0x000000000262bdd0 method=java.io.WinNTFileSystem.resolve(Ljava/lang/String;Ljava/lang/String;)Ljava/lang/String; @ 117
Event: 6.055 Thread 0x0000000017b80800 Uncommon trap: reason=unstable_if action=reinterpret pc=0x00000000028982e8 method=java.util.HashMap.hash(Ljava/lang/Object;)I @ 1
Event: 6.597 Thread 0x0000000017b80800 Uncommon trap: reason=unstable_if action=reinterpret pc=0x00000000027e75a4 method=java.util.HashMap.hash(Ljava/lang/Object;)I @ 1
Event: 7.606 Thread 0x0000000017b80800 Uncommon trap: reason=unstable_if action=reinterpret pc=0x00000000026981a0 method=java.util.LinkedHashMap.afterNodeInsertion(Z)V @ 1
Event: 7.641 Thread 0x0000000017b80800 Uncommon trap: reason=unstable_if action=reinterpret pc=0x000000000283ed8c method=java.lang.ref.ReferenceQueue.poll()Ljava/lang/ref/Reference; @ 4
Event: 7.641 Thread 0x0000000017b80800 Uncommon trap: reason=class_check action=maybe_recompile pc=0x0000000002aa75d8 method=java.lang.ref.ReferenceQueue.reallyPoll()Ljava/lang/ref/Reference; @ 52
Event: 7.641 Thread 0x0000000017b80800 Uncommon trap: reason=class_check action=maybe_recompile pc=0x0000000002aa75d8 method=java.lang.ref.ReferenceQueue.reallyPoll()Ljava/lang/ref/Reference; @ 52
Event: 7.641 Thread 0x0000000017b80800 Uncommon trap: reason=class_check action=maybe_recompile pc=0x0000000002aa75d8 method=java.lang.ref.ReferenceQueue.reallyPoll()Ljava/lang/ref/Reference; @ 52
Event: 7.667 Thread 0x0000000017b80800 Uncommon trap: reason=unstable_if action=reinterpret pc=0x0000000002a8f930 method=java.net.URLClassLoader.isSealed(Ljava/lang/String;Ljava/util/jar/Manifest;)Z @ 26

Internal exceptions (10 events):
Event: 7.733 Thread 0x0000000017b80800 Exception <a 'java/lang/ClassNotFoundException': JetGradlePluginBeanInfo> (0x00000000eb77f0b8) thrown at [C:\re\workspace\8-2-build-windows-amd64-cygwin\jdk8u74\6087\hotspot\src\share\vm\classfile\systemDictionary.cpp, line 210]
Event: 7.733 Thread 0x0000000017b80800 Exception <a 'java/lang/ClassNotFoundException': JetGradlePluginCustomizer> (0x00000000eb787320) thrown at [C:\re\workspace\8-2-build-windows-amd64-cygwin\jdk8u74\6087\hotspot\src\share\vm\classfile\systemDictionary.cpp, line 210]
Event: 7.738 Thread 0x0000000017b80800 Exception <a 'java/lang/ClassNotFoundException': org/jetbrains/plugins/gradle/tooling/internal/ExtraModelBuilderBeanInfo> (0x00000000eb7d0bd8) thrown at [C:\re\workspace\8-2-build-windows-amd64-cygwin\jdk8u74\6087\hotspot\src\share\vm\classfile\systemDicti©ˆpß8ô@
Event: 7.738 Thread 0x0000000017b80800 Exception <a 'java/lang/ClassNotFoundException': org/jetbrains/plugins/gradle/tooling/internal/ExtraModelBuilderCustomizer> (0x00000000eb7df440) thrown at [C:\re\workspace\8-2-build-windows-amd64-cygwin\jdk8u74\6087\hotspot\src\share\vm\classfile\systemDic
Event: 7.742 Thread 0x0000000017b80800 Exception <a 'java/lang/ClassNotFoundException': org/gradle/tooling/provider/model/internal/DefaultToolingModelBuilderRegistryBeanInfo> (0x00000000eb81d308) thrown at [C:\re\workspace\8-2-build-windows-amd64-cygwin\jdk8u74\6087\hotspot\src\share\vm\classfiÊZóÞË÷@
Event: 7.742 Thread 0x0000000017b80800 Exception <a 'java/lang/ClassNotFoundException': org/gradle/tooling/provider/model/internal/DefaultToolingModelBuilderRegistryCustomizer> (0x00000000eb831668) thrown at [C:\re\workspace\8-2-build-windows-amd64-cygwin\jdk8u74\6087\hotspot\src\share\vm\classƒòÿ@
Event: 7.765 Thread 0x0000000017b80800 Exception <a 'java/lang/ClassNotFoundException': org/gradle/buildinit/plugins/internal/action/WrapperPluginAutoApplyActionBeanInfo> (0x00000000eb9471d8) thrown at [C:\re\workspace\8-2-build-windows-amd64-cygwin\jdk8u74\6087\hotspot\src\share\vm\classfile\sNü,¶Š@
Event: 7.765 Thread 0x0000000017b80800 Exception <a 'java/lang/ClassNotFoundException': org/gradle/buildinit/plugins/internal/action/WrapperPluginAutoApplyActionCustomizer> (0x00000000eb96d1f0) thrown at [C:\re\workspace\8-2-build-windows-amd64-cygwin\jdk8u74\6087\hotspot\src\share\vm\classfile˜];¨8@
Event: 7.805 Thread 0x0000000017b80800 Exception <a 'java/lang/ClassNotFoundException': org/gradle/buildinit/tasks/internal/TaskConfigurationBeanInfo> (0x00000000ebe6c510) thrown at [C:\re\workspace\8-2-build-windows-amd64-cygwin\jdk8u74\6087\hotspot\src\share\vm\classfile\systemDictionary.cpp,ð˜#R9@
Event: 7.806 Thread 0x0000000017b80800 Exception <a 'java/lang/ClassNotFoundException': org/gradle/buildinit/tasks/internal/TaskConfigurationCustomizer> (0x00000000ebe8a288) thrown at [C:\re\workspace\8-2-build-windows-amd64-cygwin\jdk8u74\6087\hotspot\src\share\vm\classfile\systemDictionary.cpÌÿ¢ß4î@

Events (10 events):
Event: 7.806 loading class org/gradle/buildinit/tasks/internal/TaskConfigurationCustomizer
Event: 7.806 loading class org/gradle/buildinit/tasks/internal/TaskConfigurationCustomizer done
Event: 7.808 loading class org/gradle/buildinit/tasks/internal/TaskConfiguration$WrapperAction
Event: 7.808 loading class org/gradle/buildinit/tasks/internal/TaskConfiguration$WrapperAction done
Event: 7.809 loading class org/gradle/internal/service/scopes/ProjectScopeServices$ProjectBackedModuleMetaDataProvider
Event: 7.809 loading class org/gradle/internal/service/scopes/ProjectScopeServices$ProjectBackedModuleMetaDataProvider done
Event: 7.809 loading class org/gradle/configuration/ProjectScriptTarget
Event: 7.809 loading class org/gradle/configuration/ProjectScriptTarget done
Event: 7.809 loading class org/gradle/api/internal/project/ProjectScript
Event: 7.810 loading class org/gradle/api/internal/project/ProjectScript done


Dynamic libraries:
0x000000013f1e0000 - 0x000000013f217000 	C:\Program Files\Java\jdk1.8.0_74\bin\java.exe
0x0000000076d40000 - 0x0000000076eea000 	C:\Windows\SYSTEM32\ntdll.dll
0x0000000076c20000 - 0x0000000076d3f000 	C:\Windows\system32\kernel32.dll
0x000007fefce10000 - 0x000007fefce7b000 	C:\Windows\system32\KERNELBASE.dll
0x000007fefe3e0000 - 0x000007fefe4bb000 	C:\Windows\system32\ADVAPI32.dll
0x000007fefd120000 - 0x000007fefd1bf000 	C:\Windows\system32\msvcrt.dll
0x000007fefe630000 - 0x000007fefe64f000 	C:\Windows\SYSTEM32\sechost.dll
0x000007fefeb80000 - 0x000007fefecad000 	C:\Windows\system32\RPCRT4.dll
0x0000000076b20000 - 0x0000000076c1a000 	C:\Windows\system32\USER32.dll
0x000007fefce80000 - 0x000007fefcee7000 	C:\Windows\system32\GDI32.dll
0x000007fefea70000 - 0x000007fefea7e000 	C:\Windows\system32\LPK.dll
0x000007fefeab0000 - 0x000007fefeb7a000 	C:\Windows\system32\USP10.dll
0x000007fefb180000 - 0x000007fefb374000 	C:\Windows\WinSxS\amd64_microsoft.windows.common-controls_6595b64144ccf1df_6.0.7601.18837_none_fa3b1e3d17594757\COMCTL32.dll
0x000007fefed00000 - 0x000007fefed71000 	C:\Windows\system32\SHLWAPI.dll
0x000007fefea80000 - 0x000007fefeaae000 	C:\Windows\system32\IMM32.DLL
0x000007fefe270000 - 0x000007fefe379000 	C:\Windows\system32\MSCTF.dll
0x0000000050660000 - 0x0000000050732000 	C:\Program Files\Java\jdk1.8.0_74\jre\bin\msvcr100.dll
0x0000000063c30000 - 0x00000000644c0000 	C:\Program Files\Java\jdk1.8.0_74\jre\bin\server\jvm.dll
0x000007fef7d30000 - 0x000007fef7d39000 	C:\Windows\system32\WSOCK32.dll
0x000007fefecb0000 - 0x000007fefecfd000 	C:\Windows\system32\WS2_32.dll
0x000007fefe620000 - 0x000007fefe628000 	C:\Windows\system32\NSI.dll
0x000007fef9bc0000 - 0x000007fef9bfb000 	C:\Windows\system32\WINMM.dll
0x000007fefbcc0000 - 0x000007fefbccc000 	C:\Windows\system32\VERSION.dll
0x0000000076f10000 - 0x0000000076f17000 	C:\Windows\system32\PSAPI.DLL
0x0000000070ca0000 - 0x0000000070caf000 	C:\Program Files\Java\jdk1.8.0_74\jre\bin\verify.dll
0x000000006e1d0000 - 0x000000006e1f9000 	C:\Program Files\Java\jdk1.8.0_74\jre\bin\java.dll
0x000000006f470000 - 0x000000006f486000 	C:\Program Files\Java\jdk1.8.0_74\jre\bin\zip.dll
0x000007fefd440000 - 0x000007fefe1ca000 	C:\Windows\system32\SHELL32.dll
0x000007fefcf10000 - 0x000007fefd113000 	C:\Windows\system32\ole32.dll
0x000007fefcad0000 - 0x000007fefcadf000 	C:\Windows\system32\profapi.dll
0x0000000070c60000 - 0x0000000070c7a000 	C:\Program Files\Java\jdk1.8.0_74\jre\bin\net.dll
0x000007fefc360000 - 0x000007fefc3b5000 	C:\Windows\system32\mswsock.dll
0x000007fefc350000 - 0x000007fefc357000 	C:\Windows\System32\wship6.dll
0x000000006dfa0000 - 0x000000006dfb1000 	C:\Program Files\Java\jdk1.8.0_74\jre\bin\nio.dll
0x000007fef4f50000 - 0x000007fef4f62000 	C:\Users\kiryshkov\.gradle\native\19\windows-amd64\native-platform.dll
0x000007fef9a00000 - 0x000007fef9a27000 	C:\Windows\system32\IPHLPAPI.DLL
0x000007fef9640000 - 0x000007fef964b000 	C:\Windows\system32\WINNSI.DLL
0x000007fef93e0000 - 0x000007fef93f1000 	C:\Windows\system32\dhcpcsvc6.DLL
0x000007fef9240000 - 0x000007fef9258000 	C:\Windows\system32\dhcpcsvc.DLL
0x000007fefc4a0000 - 0x000007fefc4b8000 	C:\Windows\system32\CRYPTSP.dll
0x000007fefbfa0000 - 0x000007fefbfe7000 	C:\Windows\system32\rsaenh.dll
0x000007fefcbd0000 - 0x000007fefcbee000 	C:\Windows\system32\USERENV.dll
0x000007fefc920000 - 0x000007fefc92f000 	C:\Windows\system32\CRYPTBASE.dll

VM Arguments:
jvm_args: -XX:MaxPermSize=256m -XX:+HeapDumpOnOutOfMemoryError -Xmx1024m -Dfile.encoding=windows-1251 -Duser.country=RU -Duser.language=ru -Duser.variant 
java_command: org.gradle.launcher.daemon.bootstrap.GradleDaemon 2.11
java_class_path (initial): C:\Users\kiryshkov\.gradle\wrapper\dists\gradle-2.11-all\ace7yl0a7udokebb27mt9s3qr\gradle-2.11\lib\gradle-launcher-2.11.jar
Launcher Type: SUN_STANDARD

Environment Variables:
JAVA_HOME=c:\Program Files\Java\jdk1.8.0_74\
PATH=c:\Program Files\Java\jdk1.8.0_74\\bin;C:\ProgramData\Oracle\Java\javapath;%JAVA_HOME\bin;%C:\Program Files (x86)\NVIDIA Corporation\PhysX\Common;C:\Windows\system32;C:\Windows;C:\Windows\System32\Wbem;C:\Windows\System32\WindowsPowerShell\v1.0\;C:\Program Files\Microsoft SQL Server\110\Tools\Binn\;C:\Program Files (x86)\Skype\Phone\;C:\Program Files\TortoiseGit\bin;C:\Program Files\Git\cmd;%M2_HOME%\bin;c:\Tools;C:\Users\kiryshkov\AppData\Local\Programs\EmEditor
USERNAME=KIryshkov
OS=Windows_NT
PROCESSOR_IDENTIFIER=Intel64 Family 6 Model 23 Stepping 10, GenuineIntel



---------------  S Y S T E M  ---------------

OS: Windows 7 , 64 bit Build 7601 (6.1.7601.19160)

CPU:total 2 (2 cores per cpu, 1 threads per core) family 6 model 23 stepping 10, cmov, cx8, fxsr, mmx, sse, sse2, sse3, ssse3, sse4.1, tsc

Memory: 4k page, physical 4193592k(800572k free), swap 4191756k(4816k free)

vm_info: Java HotSpot(TM) 64-Bit Server VM (25.74-b02) for windows-amd64 JRE (1.8.0_74-b02), built on Jan 29 2016 17:42:36 by "java_re" with MS VC++ 10.0 (VS2010)

time: Tue Mar 22 13:44:59 2016
elapsed time: 7 seconds (0d 0h 0m 7s)

